Using pre-set license
Desktop is 6400 x 1600 @ 60 Hz

 COMMAND LINE ARGUMENTS:
Unity
-adb2
-batchMode
-noUpm
-name
AssetImportWorker0
-projectPath
/HWK/ERAU/Active Courses/SIM 480 Capstone I/Resonance_TechLab/Stencil_Buffer_Masking_HDRP
-logFile
Logs/AssetImportWorker0.log
-srvPort
37431
Successfully changed project path to: /HWK/ERAU/Active Courses/SIM 480 Capstone I/Resonance_TechLab/Stencil_Buffer_Masking_HDRP
/HWK/ERAU/Active Courses/SIM 480 Capstone I/Resonance_TechLab/Stencil_Buffer_Masking_HDRP
Using Asset Import Pipeline V2.
Unable to load player prefs
Refreshing native plugins compatible for Editor in 43.00 ms, found 0 plugins.
Preloading 0 native plugins for Editor in 0.00 ms.
Initialize engine version: 2020.2.0b2 (90b2443a8df1)
[Subsystems] Discovering subsystems at path /HWK/SFW/Unity/Hub/2020.2.0b2/Editor/Data/Resources/UnitySubsystems
[Subsystems] Discovering subsystems at path /HWK/ERAU/Active Courses/SIM 480 Capstone I/Resonance_TechLab/Stencil_Buffer_Masking_HDRP/Assets
GfxDevice: creating device client; threaded=0
[vulkan] LoadVulkanLibrary libvulkan.so.1[vulkan] Loaded instance function vkGetInstanceProcAddr
[vulkan] Loaded instance function vkGetInstanceProcAddr
[vulkan] Loaded instance function vkCreateInstance
[vulkan] Loaded instance function vkEnumerateInstanceExtensionProperties
[vulkan] Loaded instance function vkEnumerateInstanceLayerProperties
[vulkan] Loaded instance function vkEnumerateInstanceVersion
[Vulkan init] extensions: count=17
[Vulkan init] extensions: name=VK_KHR_device_group_creation, enabled=0
[Vulkan init] extensions: name=VK_KHR_display, enabled=1
[Vulkan init] extensions: name=VK_KHR_external_fence_capabilities, enabled=0
[Vulkan init] extensions: name=VK_KHR_external_memory_capabilities, enabled=0
[Vulkan init] extensions: name=VK_KHR_external_semaphore_capabilities, enabled=0
[Vulkan init] extensions: name=VK_KHR_get_display_properties2, enabled=0
[Vulkan init] extensions: name=VK_KHR_get_physical_device_properties2, enabled=1
[Vulkan init] extensions: name=VK_KHR_get_surface_capabilities2, enabled=0
[Vulkan init] extensions: name=VK_KHR_surface, enabled=1
[Vulkan init] extensions: name=VK_KHR_surface_protected_capabilities, enabled=0
[Vulkan init] extensions: name=VK_KHR_xcb_surface, enabled=0
[Vulkan init] extensions: name=VK_KHR_xlib_surface, enabled=1
[Vulkan init] extensions: name=VK_EXT_acquire_xlib_display, enabled=0
[Vulkan init] extensions: name=VK_EXT_debug_report, enabled=1
[Vulkan init] extensions: name=VK_EXT_debug_utils, enabled=0
[Vulkan init] extensions: name=VK_EXT_direct_mode_display, enabled=0
[Vulkan init] extensions: name=VK_EXT_display_surface_counter, enabled=0
[vulkan] Loaded instance function vkDestroyInstance
[vulkan] Loaded instance function vkGetPhysicalDeviceProperties
[vulkan] Loaded instance function vkEnumeratePhysicalDevices
Vulkan detection: 2
[Vulkan init] extensions: count=17
[Vulkan init] extensions: name=VK_KHR_device_group_creation, enabled=0
[Vulkan init] extensions: name=VK_KHR_display, enabled=1
[Vulkan init] extensions: name=VK_KHR_external_fence_capabilities, enabled=0
[Vulkan init] extensions: name=VK_KHR_external_memory_capabilities, enabled=0
[Vulkan init] extensions: name=VK_KHR_external_semaphore_capabilities, enabled=0
[Vulkan init] extensions: name=VK_KHR_get_display_properties2, enabled=0
[Vulkan init] extensions: name=VK_KHR_get_physical_device_properties2, enabled=1
[Vulkan init] extensions: name=VK_KHR_get_surface_capabilities2, enabled=0
[Vulkan init] extensions: name=VK_KHR_surface, enabled=1
[Vulkan init] extensions: name=VK_KHR_surface_protected_capabilities, enabled=0
[Vulkan init] extensions: name=VK_KHR_xcb_surface, enabled=0
[Vulkan init] extensions: name=VK_KHR_xlib_surface, enabled=1
[Vulkan init] extensions: name=VK_EXT_acquire_xlib_display, enabled=0
[Vulkan init] extensions: name=VK_EXT_debug_report, enabled=1
[Vulkan init] extensions: name=VK_EXT_debug_utils, enabled=0
[Vulkan init] extensions: name=VK_EXT_direct_mode_display, enabled=0
[Vulkan init] extensions: name=VK_EXT_display_surface_counter, enabled=0
[vulkan] Loaded instance function vkDestroyInstance
[vulkan] Loaded instance function vkGetPhysicalDeviceProperties
[vulkan] Loaded instance function vkEnumeratePhysicalDevices
[vulkan] Loaded instance function vkGetDeviceProcAddr
[vulkan] Loaded instance function vkGetPhysicalDeviceFeatures
[vulkan] Loaded instance function vkGetPhysicalDeviceFormatProperties
[vulkan] Loaded instance function vkGetPhysicalDeviceImageFormatProperties
[vulkan] Loaded instance function vkGetPhysicalDeviceQueueFamilyProperties
[vulkan] Loaded instance function vkGetPhysicalDeviceMemoryProperties
[vulkan] Loaded instance function vkCreateDevice
[vulkan] Loaded instance function vkEnumerateDeviceExtensionProperties
[vulkan] Loaded instance function vkEnumerateDeviceLayerProperties
[vulkan] Loaded instance function vkGetPhysicalDeviceSparseImageFormatProperties
[vulkan] Loaded instance function vkDestroySurfaceKHR
[vulkan] Loaded instance function vkGetPhysicalDeviceSurfaceSupportKHR
[vulkan] Loaded instance function vkGetPhysicalDeviceSurfaceCapabilitiesKHR
[vulkan] Loaded instance function vkGetPhysicalDeviceSurfaceFormatsKHR
[vulkan] Loaded instance function vkGetPhysicalDeviceSurfacePresentModesKHR
[vulkan] Loaded instance function vkCreateSwapchainKHR
[vulkan] Loaded instance function vkDestroySwapchainKHR
[vulkan] Loaded instance function vkGetSwapchainImagesKHR
[vulkan] Loaded instance function vkAcquireNextImageKHR
[vulkan] Loaded instance function vkQueuePresentKHR
[vulkan] Loaded instance function vkGetPhysicalDeviceDisplayPropertiesKHR
[vulkan] Loaded instance function vkGetPhysicalDeviceDisplayPlanePropertiesKHR
[vulkan] Loaded instance function vkGetDisplayPlaneSupportedDisplaysKHR
[vulkan] Loaded instance function vkGetDisplayModePropertiesKHR
[vulkan] Loaded instance function vkCreateDisplayModeKHR
[vulkan] Loaded instance function vkGetDisplayPlaneCapabilitiesKHR
[vulkan] Loaded instance function vkCreateDisplayPlaneSurfaceKHR
[vulkan] Loaded instance function vkCreateSharedSwapchainsKHR
[vulkan] Loaded instance function vkCreateXlibSurfaceKHR
[vulkan] Loaded instance function vkGetPhysicalDeviceXlibPresentationSupportKHR
[vulkan] Loaded instance function vkSetHdrMetadataEXT
[vulkan] Loaded instance function vkGetPhysicalDeviceFeatures2KHR
[vulkan] Loaded instance function vkGetPhysicalDeviceProperties2KHR
[vulkan] Loaded instance function vkGetPhysicalDeviceFormatProperties2KHR
[vulkan] Loaded instance function vkGetPhysicalDeviceImageFormatProperties2KHR
[vulkan] Loaded instance function vkGetPhysicalDeviceQueueFamilyProperties2KHR
[vulkan] Loaded instance function vkGetPhysicalDeviceMemoryProperties2KHR
[vulkan] Loaded instance function vkGetPhysicalDeviceSparseImageFormatProperties2KHR
[Vulkan init] SelectPhysicalDevice requestedDeviceIndex=-1 xrDevice=(nil)
[Vulkan init] Physical Device 0x556fd95bd2c0 [0]: "GeForce GTX 1070" deviceType=2 vendorID=10de deviceID=1b81
[Vulkan init] Selected physical device 0x556fd95bd2c0
[Vulkan init] Graphics queue count=1
[Vulkan init] extensions: count=98
[Vulkan init] extensions: name=VK_KHR_16bit_storage, enabled=0
[Vulkan init] extensions: name=VK_KHR_8bit_storage, enabled=0
[Vulkan init] extensions: name=VK_KHR_bind_memory2, enabled=0
[Vulkan init] extensions: name=VK_KHR_buffer_device_address, enabled=0
[Vulkan init] extensions: name=VK_KHR_create_renderpass2, enabled=1
[Vulkan init] extensions: name=VK_KHR_dedicated_allocation, enabled=1
[Vulkan init] extensions: name=VK_KHR_depth_stencil_resolve, enabled=1
[Vulkan init] extensions: name=VK_KHR_descriptor_update_template, enabled=1
[Vulkan init] extensions: name=VK_KHR_device_group, enabled=0
[Vulkan init] extensions: name=VK_KHR_draw_indirect_count, enabled=0
[Vulkan init] extensions: name=VK_KHR_driver_properties, enabled=0
[Vulkan init] extensions: name=VK_KHR_external_fence, enabled=0
[Vulkan init] extensions: name=VK_KHR_external_fence_fd, enabled=0
[Vulkan init] extensions: name=VK_KHR_external_memory, enabled=0
[Vulkan init] extensions: name=VK_KHR_external_memory_fd, enabled=0
[Vulkan init] extensions: name=VK_KHR_external_semaphore, enabled=0
[Vulkan init] extensions: name=VK_KHR_external_semaphore_fd, enabled=0
[Vulkan init] extensions: name=VK_KHR_get_memory_requirements2, enabled=1
[Vulkan init] extensions: name=VK_KHR_image_format_list, enabled=1
[Vulkan init] extensions: name=VK_KHR_imageless_framebuffer, enabled=0
[Vulkan init] extensions: name=VK_KHR_maintenance1, enabled=1
[Vulkan init] extensions: name=VK_KHR_maintenance2, enabled=1
[Vulkan init] extensions: name=VK_KHR_maintenance3, enabled=0
[Vulkan init] extensions: name=VK_KHR_multiview, enabled=1
[Vulkan init] extensions: name=VK_KHR_pipeline_executable_properties, enabled=0
[Vulkan init] extensions: name=VK_KHR_push_descriptor, enabled=0
[Vulkan init] extensions: name=VK_KHR_relaxed_block_layout, enabled=0
[Vulkan init] extensions: name=VK_KHR_sampler_mirror_clamp_to_edge, enabled=1
[Vulkan init] extensions: name=VK_KHR_sampler_ycbcr_conversion, enabled=0
[Vulkan init] extensions: name=VK_KHR_separate_depth_stencil_layouts, enabled=0
[Vulkan init] extensions: name=VK_KHR_shader_atomic_int64, enabled=0
[Vulkan init] extensions: name=VK_KHR_shader_clock, enabled=0
[Vulkan init] extensions: name=VK_KHR_shader_draw_parameters, enabled=0
[Vulkan init] extensions: name=VK_KHR_shader_float16_int8, enabled=0
[Vulkan init] extensions: name=VK_KHR_shader_float_controls, enabled=0
[Vulkan init] extensions: name=VK_KHR_shader_non_semantic_info, enabled=0
[Vulkan init] extensions: name=VK_KHR_shader_subgroup_extended_types, enabled=0
[Vulkan init] extensions: name=VK_KHR_spirv_1_4, enabled=0
[Vulkan init] extensions: name=VK_KHR_storage_buffer_storage_class, enabled=0
[Vulkan init] extensions: name=VK_KHR_swapchain, enabled=1
[Vulkan init] extensions: name=VK_KHR_swapchain_mutable_format, enabled=0
[Vulkan init] extensions: name=VK_KHR_timeline_semaphore, enabled=0
[Vulkan init] extensions: name=VK_KHR_uniform_buffer_standard_layout, enabled=0
[Vulkan init] extensions: name=VK_KHR_variable_pointers, enabled=0
[Vulkan init] extensions: name=VK_KHR_vulkan_memory_model, enabled=0
[Vulkan init] extensions: name=VK_EXT_blend_operation_advanced, enabled=0
[Vulkan init] extensions: name=VK_EXT_buffer_device_address, enabled=0
[Vulkan init] extensions: name=VK_EXT_calibrated_timestamps, enabled=0
[Vulkan init] extensions: name=VK_EXT_conditional_rendering, enabled=0
[Vulkan init] extensions: name=VK_EXT_conservative_rasterization, enabled=1
[Vulkan init] extensions: name=VK_EXT_custom_border_color, enabled=0
[Vulkan init] extensions: name=VK_EXT_depth_clip_enable, enabled=0
[Vulkan init] extensions: name=VK_EXT_depth_range_unrestricted, enabled=0
[Vulkan init] extensions: name=VK_EXT_descriptor_indexing, enabled=0
[Vulkan init] extensions: name=VK_EXT_discard_rectangles, enabled=0
[Vulkan init] extensions: name=VK_EXT_display_control, enabled=0
[Vulkan init] extensions: name=VK_EXT_fragment_shader_interlock, enabled=0
[Vulkan init] extensions: name=VK_EXT_global_priority, enabled=0
[Vulkan init] extensions: name=VK_EXT_host_query_reset, enabled=0
[Vulkan init] extensions: name=VK_EXT_index_type_uint8, enabled=0
[Vulkan init] extensions: name=VK_EXT_inline_uniform_block, enabled=0
[Vulkan init] extensions: name=VK_EXT_line_rasterization, enabled=0
[Vulkan init] extensions: name=VK_EXT_memory_budget, enabled=0
[Vulkan init] extensions: name=VK_EXT_pci_bus_info, enabled=0
[Vulkan init] extensions: name=VK_EXT_pipeline_creation_feedback, enabled=0
[Vulkan init] extensions: name=VK_EXT_post_depth_coverage, enabled=0
[Vulkan init] extensions: name=VK_EXT_sample_locations, enabled=0
[Vulkan init] extensions: name=VK_EXT_sampler_filter_minmax, enabled=0
[Vulkan init] extensions: name=VK_EXT_scalar_block_layout, enabled=0
[Vulkan init] extensions: name=VK_EXT_separate_stencil_usage, enabled=0
[Vulkan init] extensions: name=VK_EXT_shader_demote_to_helper_invocation, enabled=0
[Vulkan init] extensions: name=VK_EXT_shader_subgroup_ballot, enabled=0
[Vulkan init] extensions: name=VK_EXT_shader_subgroup_vote, enabled=0
[Vulkan init] extensions: name=VK_EXT_shader_viewport_index_layer, enabled=1
[Vulkan init] extensions: name=VK_EXT_subgroup_size_control, enabled=0
[Vulkan init] extensions: name=VK_EXT_texel_buffer_alignment, enabled=0
[Vulkan init] extensions: name=VK_EXT_tooling_info, enabled=0
[Vulkan init] extensions: name=VK_EXT_transform_feedback, enabled=0
[Vulkan init] extensions: name=VK_EXT_vertex_attribute_divisor, enabled=0
[Vulkan init] extensions: name=VK_EXT_ycbcr_image_arrays, enabled=0
[Vulkan init] extensions: name=VK_NV_clip_space_w_scaling, enabled=0
[Vulkan init] extensions: name=VK_NV_coverage_reduction_mode, enabled=0
[Vulkan init] extensions: name=VK_NV_dedicated_allocation, enabled=0
[Vulkan init] extensions: name=VK_NV_dedicated_allocation_image_aliasing, enabled=0
[Vulkan init] extensions: name=VK_NV_device_diagnostic_checkpoints, enabled=0
[Vulkan init] extensions: name=VK_NV_device_diagnostics_config, enabled=0
[Vulkan init] extensions: name=VK_NV_fill_rectangle, enabled=0
[Vulkan init] extensions: name=VK_NV_fragment_coverage_to_color, enabled=0
[Vulkan init] extensions: name=VK_NV_framebuffer_mixed_samples, enabled=0
[Vulkan init] extensions: name=VK_NV_geometry_shader_passthrough, enabled=0
[Vulkan init] extensions: name=VK_NV_ray_tracing, enabled=0
[Vulkan init] extensions: name=VK_NV_sample_mask_override_coverage, enabled=0
[Vulkan init] extensions: name=VK_NV_shader_sm_builtins, enabled=0
[Vulkan init] extensions: name=VK_NV_shader_subgroup_partitioned, enabled=0
[Vulkan init] extensions: name=VK_NV_viewport_array2, enabled=0
[Vulkan init] extensions: name=VK_NV_viewport_swizzle, enabled=0
[Vulkan init] extensions: name=VK_NVX_device_generated_commands, enabled=0
[Vulkan init] extensions: name=VK_NVX_multiview_per_view_attributes, enabled=0
[vulkan] Loaded device function vkDestroyDevice
[vulkan] Loaded device function vkGetDeviceQueue
[vulkan] Loaded device function vkQueueSubmit
[vulkan] Loaded device function vkQueueWaitIdle
[vulkan] Loaded device function vkDeviceWaitIdle
[vulkan] Loaded device function vkAllocateMemory
[vulkan] Loaded device function vkFreeMemory
[vulkan] Loaded device function vkMapMemory
[vulkan] Loaded device function vkUnmapMemory
[vulkan] Loaded device function vkFlushMappedMemoryRanges
[vulkan] Loaded device function vkInvalidateMappedMemoryRanges
[vulkan] Loaded device function vkGetDeviceMemoryCommitment
[vulkan] Loaded device function vkBindBufferMemory
[vulkan] Loaded device function vkBindImageMemory
[vulkan] Loaded device function vkGetBufferMemoryRequirements
[vulkan] Loaded device function vkGetImageMemoryRequirements
[vulkan] Loaded device function vkGetImageSparseMemoryRequirements
[vulkan] Loaded device function vkQueueBindSparse
[vulkan] Loaded device function vkCreateFence
[vulkan] Loaded device function vkDestroyFence
[vulkan] Loaded device function vkResetFences
[vulkan] Loaded device function vkGetFenceStatus
[vulkan] Loaded device function vkWaitForFences
[vulkan] Loaded device function vkCreateSemaphore
[vulkan] Loaded device function vkDestroySemaphore
[vulkan] Loaded device function vkCreateEvent
[vulkan] Loaded device function vkDestroyEvent
[vulkan] Loaded device function vkGetEventStatus
[vulkan] Loaded device function vkSetEvent
[vulkan] Loaded device function vkResetEvent
[vulkan] Loaded device function vkCreateQueryPool
[vulkan] Loaded device function vkDestroyQueryPool
[vulkan] Loaded device function vkGetQueryPoolResults
[vulkan] Loaded device function vkCreateBuffer
[vulkan] Loaded device function vkDestroyBuffer
[vulkan] Loaded device function vkCreateBufferView
[vulkan] Loaded device function vkDestroyBufferView
[vulkan] Loaded device function vkCreateImage
[vulkan] Loaded device function vkDestroyImage
[vulkan] Loaded device function vkGetImageSubresourceLayout
[vulkan] Loaded device function vkCreateImageView
[vulkan] Loaded device function vkDestroyImageView
[vulkan] Loaded device function vkCreateShaderModule
[vulkan] Loaded device function vkDestroyShaderModule
[vulkan] Loaded device function vkCreatePipelineCache
[vulkan] Loaded device function vkDestroyPipelineCache
[vulkan] Loaded device function vkGetPipelineCacheData
[vulkan] Loaded device function vkMergePipelineCaches
[vulkan] Loaded device function vkCreateGraphicsPipelines
[vulkan] Loaded device function vkCreateComputePipelines
[vulkan] Loaded device function vkDestroyPipeline
[vulkan] Loaded device function vkCreatePipelineLayout
[vulkan] Loaded device function vkDestroyPipelineLayout
[vulkan] Loaded device function vkCreateSampler
[vulkan] Loaded device function vkDestroySampler
[vulkan] Loaded device function vkCreateDescriptorSetLayout
[vulkan] Loaded device function vkDestroyDescriptorSetLayout
[vulkan] Loaded device function vkCreateDescriptorPool
[vulkan] Loaded device function vkDestroyDescriptorPool
[vulkan] Loaded device function vkResetDescriptorPool
[vulkan] Loaded device function vkAllocateDescriptorSets
[vulkan] Loaded device function vkFreeDescriptorSets
[vulkan] Loaded device function vkUpdateDescriptorSets
[vulkan] Loaded device function vkCreateFramebuffer
[vulkan] Loaded device function vkDestroyFramebuffer
[vulkan] Loaded device function vkCreateRenderPass
[vulkan] Loaded device function vkDestroyRenderPass
[vulkan] Loaded device function vkGetRenderAreaGranularity
[vulkan] Loaded device function vkCreateCommandPool
[vulkan] Loaded device function vkDestroyCommandPool
[vulkan] Loaded device function vkResetCommandPool
[vulkan] Loaded device function vkAllocateCommandBuffers
[vulkan] Loaded device function vkFreeCommandBuffers
[vulkan] Loaded device function vkBeginCommandBuffer
[vulkan] Loaded device function vkEndCommandBuffer
[vulkan] Loaded device function vkResetCommandBuffer
[vulkan] Loaded device function vkCmdBindPipeline
[vulkan] Loaded device function vkCmdSetViewport
[vulkan] Loaded device function vkCmdSetScissor
[vulkan] Loaded device function vkCmdSetLineWidth
[vulkan] Loaded device function vkCmdSetDepthBias
[vulkan] Loaded device function vkCmdSetBlendConstants
[vulkan] Loaded device function vkCmdSetDepthBounds
[vulkan] Loaded device function vkCmdSetStencilCompareMask
[vulkan] Loaded device function vkCmdSetStencilWriteMask
[vulkan] Loaded device function vkCmdSetStencilReference
[vulkan] Loaded device function vkCmdBindDescriptorSets
[vulkan] Loaded device function vkCmdBindIndexBuffer
[vulkan] Loaded device function vkCmdBindVertexBuffers
[vulkan] Loaded device function vkCmdDraw
[vulkan] Loaded device function vkCmdDrawIndexed
[vulkan] Loaded device function vkCmdDrawIndirect
[vulkan] Loaded device function vkCmdDrawIndexedIndirect
[vulkan] Loaded device function vkCmdDispatch
[vulkan] Loaded device function vkCmdDispatchIndirect
[vulkan] Loaded device function vkCmdCopyBuffer
[vulkan] Loaded device function vkCmdCopyImage
[vulkan] Loaded device function vkCmdBlitImage
[vulkan] Loaded device function vkCmdCopyBufferToImage
[vulkan] Loaded device function vkCmdCopyImageToBuffer
[vulkan] Loaded device function vkCmdUpdateBuffer
[vulkan] Loaded device function vkCmdFillBuffer
[vulkan] Loaded device function vkCmdClearColorImage
[vulkan] Loaded device function vkCmdClearDepthStencilImage
[vulkan] Loaded device function vkCmdClearAttachments
[vulkan] Loaded device function vkCmdResolveImage
[vulkan] Loaded device function vkCmdSetEvent
[vulkan] Loaded device function vkCmdResetEvent
[vulkan] Loaded device function vkCmdWaitEvents
[vulkan] Loaded device function vkCmdPipelineBarrier
[vulkan] Loaded device function vkCmdBeginQuery
[vulkan] Loaded device function vkCmdEndQuery
[vulkan] Loaded device function vkCmdResetQueryPool
[vulkan] Loaded device function vkCmdWriteTimestamp
[vulkan] Loaded device function vkCmdCopyQueryPoolResults
[vulkan] Loaded device function vkCmdPushConstants
[vulkan] Loaded device function vkCmdBeginRenderPass
[vulkan] Loaded device function vkCmdNextSubpass
[vulkan] Loaded device function vkCmdEndRenderPass
[vulkan] Loaded device function vkCmdExecuteCommands
[vulkan] Loaded device function vkGetImageMemoryRequirements2KHR
[vulkan] Loaded device function vkGetBufferMemoryRequirements2KHR
[vulkan] Loaded device function vkGetImageSparseMemoryRequirements2KHR
[vulkan] Loaded device function vkCreateDescriptorUpdateTemplateKHR
[vulkan] Loaded device function vkDestroyDescriptorUpdateTemplateKHR
[vulkan] Loaded device function vkUpdateDescriptorSetWithTemplateKHR
[vulkan] Loaded device function vkCmdBeginRenderPass2KHR
[vulkan] Loaded device function vkCmdEndRenderPass2KHR
[vulkan] Loaded device function vkCmdNextSubpass2KHR
[vulkan] Loaded device function vkCreateRenderPass2KHR
[vulkan] Failed to load device function vkDebugMarkerSetObjectTagEXT
[vulkan] Loaded instance function vkDebugMarkerSetObjectTagEXT
[vulkan] Failed to load device function vkDebugMarkerSetObjectNameEXT
[vulkan] Loaded instance function vkDebugMarkerSetObjectNameEXT
[vulkan] Failed to load device function vkCmdDebugMarkerBeginEXT
[vulkan] Loaded instance function vkCmdDebugMarkerBeginEXT
[vulkan] Failed to load device function vkCmdDebugMarkerEndEXT
[vulkan] Loaded instance function vkCmdDebugMarkerEndEXT
[vulkan] Failed to load device function vkCmdDebugMarkerInsertEXT
[vulkan] Loaded instance function vkCmdDebugMarkerInsertEXT
Vulkan API version 1.1.0 (1.2.133 supported by driver, 1.1.0 requested)
Vulkan vendor=[NVIDIA] id=[10de]
Vulkan renderer=[GeForce GTX 1070] id=[1b81]
Vulkan device type 2
Vulkan driverversion=[0x70908000] uint=[1888518144]
Vulkan PSO: cache data not found [path=/tmp/DefaultCompany/Stencil_Buffer_Masking_HDRP/vulkan_pso_cache.bin]
Initialize mono
Mono path[0] = '/HWK/SFW/Unity/Hub/2020.2.0b2/Editor/Data/Managed'
Mono path[1] = '/HWK/SFW/Unity/Hub/2020.2.0b2/Editor/Data/MonoBleedingEdge/lib/mono/unityjit'
Mono config path = '/HWK/SFW/Unity/Hub/2020.2.0b2/Editor/Data/MonoBleedingEdge/etc'
Using monoOptions --debugger-agent=transport=dt_socket,embedding=1,server=y,suspend=n,address=127.0.0.1:56252
Begin MonoManager ReloadAssembly
Registering precompiled unity dll's ...
Register platform support module: /HWK/SFW/Unity/Hub/2020.2.0b2/Editor/Data/PlaybackEngines/WebGLSupport/UnityEditor.WebGL.Extensions.dll
Register platform support module: /HWK/SFW/Unity/Hub/2020.2.0b2/Editor/Data/PlaybackEngines/LinuxStandaloneSupport/UnityEditor.LinuxStandalone.Extensions.dll
Registered in 0.001053 seconds.
Native extension for LinuxStandalone target not found
Native extension for WebGL target not found
Refreshing native plugins compatible for Editor in 40.19 ms, found 0 plugins.
Preloading 0 native plugins for Editor in 0.00 ms.
Invoked RoslynAnalysisRunner static constructor.
RoslynAnalysisRunner will not be running.
RoslynAnalysisRunner has terminated.
Mono: successfully reloaded assembly
- Completed reload, in  0.872 seconds
Registering precompiled user dll's ...
Registered in 0.070454 seconds.
Platform modules already initialized, skipping
Begin MonoManager ReloadAssembly
Symbol file LoadedFromMemory doesn't match image /HWK/ERAU/Active Courses/SIM 480 Capstone I/Resonance_TechLab/Stencil_Buffer_Masking_HDRP/Library/PackageCache/com.unity.ext.nunit@1.0.0/net35/unity-custom/nunit.framework.dll
Native extension for LinuxStandalone target not found
Native extension for WebGL target not found
Refreshing native plugins compatible for Editor in 45.54 ms, found 0 plugins.
Preloading 0 native plugins for Editor in 0.00 ms.
Invoked RoslynAnalysisRunner static constructor.
RoslynAnalysisRunner will not be running.
RoslynAnalysisRunner has terminated.
Mono: successfully reloaded assembly
- Completed reload, in  0.718 seconds
Platform modules already initialized, skipping
========================================================================
Worker process is ready to serve import requests
Launched and connected shader compiler UnityShaderCompiler after 0.01 seconds
Refreshing native plugins compatible for Editor in 0.46 ms, found 0 plugins.
Preloading 0 native plugins for Editor in 0.00 ms.
Unloading 2830 Unused Serialized files (Serialized files now loaded: 0)
System memory in use before: 130.6 MB.
System memory in use after: 126.7 MB.

Unloading 71 unused Assets to reduce memory usage. Loaded Objects now: 3206.
Total: 5.429150 ms (FindLiveObjects: 0.342730 ms CreateObjectMapping: 0.136934 ms MarkObjects: 1.705313 ms  DeleteObjects: 3.243401 ms)

========================================================================
Received Import Request.
  path: Assets/HDRPDefaultResources
  artifactKey: Guid(abc661c586a9116428571bb17ea1a331) Importer(815301076,1909f56bfc062723c751e8b465ee728b)
Start importing Assets/HDRPDefaultResources using Guid(abc661c586a9116428571bb17ea1a331) Importer(815301076,1909f56bfc062723c751e8b465ee728b)  -> (artifact id: '58bdab18c7562536b7e74941e5d61e9d') in 0.003497 seconds
  Import took 0.008013 seconds .

========================================================================
Received Import Request.
  Time since last request: 0.000222 seconds.
  path: Assets/HDRPDefaultResources/HDRPDefaultSettings.asset
  artifactKey: Guid(582adbd84082fdb4faf7cd4beb1ccd14) Importer(815301076,1909f56bfc062723c751e8b465ee728b)
Start importing Assets/HDRPDefaultResources/HDRPDefaultSettings.asset using Guid(582adbd84082fdb4faf7cd4beb1ccd14) Importer(815301076,1909f56bfc062723c751e8b465ee728b)  -> (artifact id: '800087ab285e3ee84886c986dfdaf07c') in 0.025860 seconds
  Import took 0.029213 seconds .

========================================================================
Received Import Request.
  Time since last request: 0.000195 seconds.
  path: Assets/Settings
  artifactKey: Guid(006b6043041431d4d909ad5f958582cb) Importer(815301076,1909f56bfc062723c751e8b465ee728b)
Start importing Assets/Settings using Guid(006b6043041431d4d909ad5f958582cb) Importer(815301076,1909f56bfc062723c751e8b465ee728b)  -> (artifact id: 'ab2d1ec3089ab30fcd5dfc3cd76f1454') in 0.000513 seconds
  Import took 0.003415 seconds .

========================================================================
Received Import Request.
  Time since last request: 0.000172 seconds.
  path: Assets/HDRPDefaultResources/DefaultHDRISky.exr
  artifactKey: Guid(54a3a0570aebe8949bec4966f1376581) Importer(815301076,1909f56bfc062723c751e8b465ee728b)
Start importing Assets/HDRPDefaultResources/DefaultHDRISky.exr using Guid(54a3a0570aebe8949bec4966f1376581) Importer(815301076,1909f56bfc062723c751e8b465ee728b)  -> (artifact id: 'b75ff5ecafbc28b2195931f04321e7b1') in 0.077823 seconds
  Import took 0.081189 seconds .

========================================================================
Received Import Request.
  Time since last request: 0.000187 seconds.
  path: Assets/TutorialInfo
  artifactKey: Guid(49110bb8dcada46328ad741970bce702) Importer(815301076,1909f56bfc062723c751e8b465ee728b)
Start importing Assets/TutorialInfo using Guid(49110bb8dcada46328ad741970bce702) Importer(815301076,1909f56bfc062723c751e8b465ee728b)  -> (artifact id: '85fff7833c398063605508e41904baa0') in 0.000498 seconds
  Import took 0.003378 seconds .

========================================================================
Received Import Request.
  Time since last request: 0.000142 seconds.
  path: Assets/Presets
  artifactKey: Guid(2754f8cebe196654cbc72d1885ebcf0e) Importer(815301076,1909f56bfc062723c751e8b465ee728b)
Start importing Assets/Presets using Guid(2754f8cebe196654cbc72d1885ebcf0e) Importer(815301076,1909f56bfc062723c751e8b465ee728b)  -> (artifact id: 'd85897434f5e2cf77dbf199cd95aea1a') in 0.000488 seconds
  Import took 0.003302 seconds .

========================================================================
Received Import Request.
  Time since last request: 0.000146 seconds.
  path: Assets/ExampleAssets
  artifactKey: Guid(46bb990f49fc0f64db3320186a780872) Importer(815301076,1909f56bfc062723c751e8b465ee728b)
Start importing Assets/ExampleAssets using Guid(46bb990f49fc0f64db3320186a780872) Importer(815301076,1909f56bfc062723c751e8b465ee728b)  -> (artifact id: '614af303156d917acee43a38288eb5f9') in 0.000481 seconds
  Import took 0.003242 seconds .

========================================================================
Received Import Request.
  Time since last request: 0.000140 seconds.
  path: Assets/VFXDefaultResources.asset
  artifactKey: Guid(e4d61d0c025b6104a84e8f905e1a34f6) Importer(815301076,1909f56bfc062723c751e8b465ee728b)
Start importing Assets/VFXDefaultResources.asset using Guid(e4d61d0c025b6104a84e8f905e1a34f6) Importer(815301076,1909f56bfc062723c751e8b465ee728b)  -> (artifact id: 'aa0d89303f8803a59f092e22aca3b69d') in 0.002648 seconds
  Import took 0.005786 seconds .

========================================================================
Received Import Request.
  Time since last request: 0.000164 seconds.
  path: Assets/HDRPDefaultResources/DefaultSceneRoot.prefab
  artifactKey: Guid(f9e3ff5a1b8f49c4fa8686e68d2dadae) Importer(815301076,1909f56bfc062723c751e8b465ee728b)
Start importing Assets/HDRPDefaultResources/DefaultSceneRoot.prefab using Guid(f9e3ff5a1b8f49c4fa8686e68d2dadae) Importer(815301076,1909f56bfc062723c751e8b465ee728b)  -> (artifact id: '153c10fa998401f5cd5afbd42b666a01') in 0.019189 seconds
  Import took 0.022522 seconds .

========================================================================
Received Import Request.
  Time since last request: 0.000171 seconds.
  path: Assets/HDRPDefaultResources/Sky and Fog Settings Profile.asset
  artifactKey: Guid(2801c2ff7303a7543a8727f862f6c236) Importer(815301076,1909f56bfc062723c751e8b465ee728b)
Start importing Assets/HDRPDefaultResources/Sky and Fog Settings Profile.asset using Guid(2801c2ff7303a7543a8727f862f6c236) Importer(815301076,1909f56bfc062723c751e8b465ee728b)  -> (artifact id: 'b4ef3fbff57c0e066a09e06f904e1463') in 0.001204 seconds
  Import took 0.004193 seconds .

========================================================================
Received Import Request.
  Time since last request: 0.000102 seconds.
  path: Assets/Scripts
  artifactKey: Guid(22a92dda8b126ff4796f9e84ae1c8871) Importer(815301076,1909f56bfc062723c751e8b465ee728b)
Start importing Assets/Scripts using Guid(22a92dda8b126ff4796f9e84ae1c8871) Importer(815301076,1909f56bfc062723c751e8b465ee728b)  -> (artifact id: '8ca3b0a924a137567e525d216f3c5c00') in 0.000510 seconds
  Import took 0.003728 seconds .

========================================================================
Received Import Request.
  Time since last request: 0.000150 seconds.
  path: Assets/Scenes
  artifactKey: Guid(b7a7912e9704138048d05908a2577a61) Importer(815301076,1909f56bfc062723c751e8b465ee728b)
Start importing Assets/Scenes using Guid(b7a7912e9704138048d05908a2577a61) Importer(815301076,1909f56bfc062723c751e8b465ee728b)  -> (artifact id: '4a9f45d63b0b1cb306a092f8bc94a813') in 0.000533 seconds
  Import took 0.004029 seconds .

========================================================================
Received Import Request.
  Time since last request: 0.000112 seconds.
  path: Assets/Readme.asset
  artifactKey: Guid(83c2ed844a8c74b779a4c823d16594b1) Importer(815301076,1909f56bfc062723c751e8b465ee728b)
Start importing Assets/Readme.asset using Guid(83c2ed844a8c74b779a4c823d16594b1) Importer(815301076,1909f56bfc062723c751e8b465ee728b)  -> (artifact id: '2884af88abb687c30d266eaf93a97cb5') in 0.001472 seconds
  Import took 0.005208 seconds .

========================================================================
Received Import Request.
  Time since last request: 26.529534 seconds.
  path: Assets/HDRPDefaultResources/HDRPDefaultSettings.asset
  artifactKey: Guid(582adbd84082fdb4faf7cd4beb1ccd14) Importer(815301076,1909f56bfc062723c751e8b465ee728b)
Start importing Assets/HDRPDefaultResources/HDRPDefaultSettings.asset using Guid(582adbd84082fdb4faf7cd4beb1ccd14) Importer(815301076,1909f56bfc062723c751e8b465ee728b)  -> (artifact id: 'e0a81709cd79d970c848803e132695ce') in 0.001874 seconds
  Import took 0.006047 seconds .

========================================================================
Received Import Request.
  Time since last request: 0.005658 seconds.
  path: Assets/HDRPDefaultResources/HDRPDefaultSettings.asset
  artifactKey: Guid(582adbd84082fdb4faf7cd4beb1ccd14) Importer(815301076,1909f56bfc062723c751e8b465ee728b)
Start importing Assets/HDRPDefaultResources/HDRPDefaultSettings.asset using Guid(582adbd84082fdb4faf7cd4beb1ccd14) Importer(815301076,1909f56bfc062723c751e8b465ee728b)  -> (artifact id: 'e0a81709cd79d970c848803e132695ce') in 0.002244 seconds
  Import took 0.007223 seconds .

========================================================================
Received Import Request.
  Time since last request: 12.864402 seconds.
  path: Assets/Scenes/samplescene
  artifactKey: Guid(13b933ed50aa0ff4e8bf942522390a9e) Importer(815301076,1909f56bfc062723c751e8b465ee728b)
Start importing Assets/Scenes/samplescene using Guid(13b933ed50aa0ff4e8bf942522390a9e) Importer(815301076,1909f56bfc062723c751e8b465ee728b)  -> (artifact id: 'fdf7572ebe33e8a1ba90f0688755624f') in 0.000570 seconds
  Import took 0.004736 seconds .

========================================================================
Received Import Request.
  Time since last request: 0.000207 seconds.
  path: Assets/Scenes/samplescene.unity
  artifactKey: Guid(cbfe36cfddfde964d9dfce63a355d5dd) Importer(815301076,1909f56bfc062723c751e8b465ee728b)
Start importing Assets/Scenes/samplescene.unity using Guid(cbfe36cfddfde964d9dfce63a355d5dd) Importer(815301076,1909f56bfc062723c751e8b465ee728b)  -> (artifact id: '79fc0ecf1fb67c83ddcae60b3e584f10') in 0.000866 seconds
  Import took 0.004656 seconds .

========================================================================
Received Import Request.
  Time since last request: 0.592506 seconds.
  path: Assets/Presets/Defaults
  artifactKey: Guid(62d01720aebe09744845cc69fc236e31) Importer(815301076,1909f56bfc062723c751e8b465ee728b)
Start importing Assets/Presets/Defaults using Guid(62d01720aebe09744845cc69fc236e31) Importer(815301076,1909f56bfc062723c751e8b465ee728b)  -> (artifact id: '123e68770381792779f348a2b0b51835') in 0.000554 seconds
  Import took 0.004287 seconds .

========================================================================
Received Import Request.
  Time since last request: 0.000208 seconds.
  path: Assets/Presets/HDRTexture.preset
  artifactKey: Guid(78830bb1431cab940b74be615e2a739f) Importer(815301076,1909f56bfc062723c751e8b465ee728b)
Start importing Assets/Presets/HDRTexture.preset using Guid(78830bb1431cab940b74be615e2a739f) Importer(815301076,1909f56bfc062723c751e8b465ee728b)  -> (artifact id: '83ce1223b5509b8988957727bb153929') in 0.002175 seconds
  Import took 0.005529 seconds .

========================================================================
Received Import Request.
  Time since last request: 0.000130 seconds.
  path: Assets/Presets/AudioCompressedInMemory.preset
  artifactKey: Guid(e18fd6ecd9cdb524ca99844f39b9d9ac) Importer(815301076,1909f56bfc062723c751e8b465ee728b)
Start importing Assets/Presets/AudioCompressedInMemory.preset using Guid(e18fd6ecd9cdb524ca99844f39b9d9ac) Importer(815301076,1909f56bfc062723c751e8b465ee728b)  -> (artifact id: '6bf0a030f39bbee47b282c68017bfb88') in 0.000905 seconds
  Import took 0.004013 seconds .

========================================================================
Received Import Request.
  Time since last request: 0.000206 seconds.
  path: Assets/Presets/AudioStreaming.preset
  artifactKey: Guid(460e573eb8466884baaa0b8475505f83) Importer(815301076,1909f56bfc062723c751e8b465ee728b)
Start importing Assets/Presets/AudioStreaming.preset using Guid(460e573eb8466884baaa0b8475505f83) Importer(815301076,1909f56bfc062723c751e8b465ee728b)  -> (artifact id: 'b18ab2fc3979f6d7fd761045e105d597') in 0.000860 seconds
  Import took 0.003873 seconds .

========================================================================
Received Import Request.
  Time since last request: 0.000201 seconds.
  path: Assets/Presets/NormalTexture.preset
  artifactKey: Guid(1d826a4c23450f946b19c20560595a1f) Importer(815301076,1909f56bfc062723c751e8b465ee728b)
Start importing Assets/Presets/NormalTexture.preset using Guid(1d826a4c23450f946b19c20560595a1f) Importer(815301076,1909f56bfc062723c751e8b465ee728b)  -> (artifact id: 'a27948e87774d3ebcb2a46b7d75f71ca') in 0.001685 seconds
  Import took 0.004703 seconds .

========================================================================
Received Import Request.
  Time since last request: 0.000165 seconds.
  path: Assets/Presets/UtilityTexture.preset
  artifactKey: Guid(9303d565bd8aa6948ba775e843320e4d) Importer(815301076,1909f56bfc062723c751e8b465ee728b)
Start importing Assets/Presets/UtilityTexture.preset using Guid(9303d565bd8aa6948ba775e843320e4d) Importer(815301076,1909f56bfc062723c751e8b465ee728b)  -> (artifact id: 'ce6e04411cbc57e7b31f0e46ca4a709f') in 0.001865 seconds
  Import took 0.004953 seconds .

========================================================================
Received Import Request.
  Time since last request: 0.979455 seconds.
  path: Assets/Settings/Foliage.asset
  artifactKey: Guid(78322c7f82657514ebe48203160e3f39) Importer(815301076,1909f56bfc062723c751e8b465ee728b)
Start importing Assets/Settings/Foliage.asset using Guid(78322c7f82657514ebe48203160e3f39) Importer(815301076,1909f56bfc062723c751e8b465ee728b)  -> (artifact id: 'ab8ca9ae45e997db9c608090d92a411e') in 0.004676 seconds
  Import took 0.008550 seconds .

========================================================================
Received Import Request.
  Time since last request: 0.000218 seconds.
  path: Assets/Settings/Skin.asset
  artifactKey: Guid(26bdddf49760c61438938733f07fa2a2) Importer(815301076,1909f56bfc062723c751e8b465ee728b)
Start importing Assets/Settings/Skin.asset using Guid(26bdddf49760c61438938733f07fa2a2) Importer(815301076,1909f56bfc062723c751e8b465ee728b)  -> (artifact id: '3468188f7aad3d6c8f329b7a26bed81b') in 0.000938 seconds
  Import took 0.004297 seconds .

========================================================================
Received Import Request.
  Time since last request: 0.000226 seconds.
  path: Assets/Settings/HDRenderPipelineAsset.asset
  artifactKey: Guid(3e2e6bfc59709614ab90c0cd7d755e48) Importer(815301076,1909f56bfc062723c751e8b465ee728b)
Start importing Assets/Settings/HDRenderPipelineAsset.asset using Guid(3e2e6bfc59709614ab90c0cd7d755e48) Importer(815301076,1909f56bfc062723c751e8b465ee728b)  -> (artifact id: '60a3a7a114e1aa8a891cd12a0e8d69f7') in 0.057071 seconds
  Import took 0.063161 seconds .

========================================================================
Received Import Request.
  Time since last request: 0.000219 seconds.
  path: Assets/Settings/SampleSceneSkyandFogSettings.asset
  artifactKey: Guid(a123fc0ac58cb774e8592c925f167e7c) Importer(815301076,1909f56bfc062723c751e8b465ee728b)
Start importing Assets/Settings/SampleSceneSkyandFogSettings.asset using Guid(a123fc0ac58cb774e8592c925f167e7c) Importer(815301076,1909f56bfc062723c751e8b465ee728b)  -> (artifact id: '65a0a5924b533c69f0af73c1485b43ae') in 0.001318 seconds
  Import took 0.005037 seconds .

========================================================================
Received Import Request.
  Time since last request: 0.000181 seconds.
  path: Assets/Settings/SampleScenePostProcessingSettings.asset
  artifactKey: Guid(183cbd347d25080429f42b520742bbd8) Importer(815301076,1909f56bfc062723c751e8b465ee728b)
Start importing Assets/Settings/SampleScenePostProcessingSettings.asset using Guid(183cbd347d25080429f42b520742bbd8) Importer(815301076,1909f56bfc062723c751e8b465ee728b)  -> (artifact id: 'c0fcb7b6ee31352dbb36674b2f6f20c0') in 0.002988 seconds
  Import took 0.006271 seconds .

========================================================================
Received Import Request.
  Time since last request: 62.486243 seconds.
  path: Assets/Scripts/SimpleCameraController.cs
  artifactKey: Guid(e8a636f62116c0a40bbfefdf876d4608) Importer(815301076,1909f56bfc062723c751e8b465ee728b)
Start importing Assets/Scripts/SimpleCameraController.cs using Guid(e8a636f62116c0a40bbfefdf876d4608) Importer(815301076,1909f56bfc062723c751e8b465ee728b)  -> (artifact id: '68c613d1d792c7349546e22aa584f60d') in 0.000584 seconds
  Import took 0.004141 seconds .

========================================================================
Received Import Request.
  Time since last request: 7.044180 seconds.
  path: Assets/Presets/Defaults/AlbedoTexture_Default.preset
  artifactKey: Guid(7a99f8aa944efe94cb9bd74562b7d5f9) Importer(815301076,1909f56bfc062723c751e8b465ee728b)
Start importing Assets/Presets/Defaults/AlbedoTexture_Default.preset using Guid(7a99f8aa944efe94cb9bd74562b7d5f9) Importer(815301076,1909f56bfc062723c751e8b465ee728b)  -> (artifact id: '08edbd88daa76bd4133ade5bb2a475d3') in 0.001972 seconds
  Import took 0.006185 seconds .

========================================================================
Received Import Request.
  Time since last request: 0.000138 seconds.
  path: Assets/Presets/Defaults/SSSSettings_Default.preset
  artifactKey: Guid(8fa3055e2a1363246838debd20206d37) Importer(815301076,1909f56bfc062723c751e8b465ee728b)
Start importing Assets/Presets/Defaults/SSSSettings_Default.preset using Guid(8fa3055e2a1363246838debd20206d37) Importer(815301076,1909f56bfc062723c751e8b465ee728b)  -> (artifact id: '50cc26155a14c152cf4246b855f8cab8') in 0.001812 seconds
  Import took 0.006401 seconds .

========================================================================
Received Import Request.
  Time since last request: 0.000188 seconds.
  path: Assets/Presets/Defaults/DirectionalLight_Default.preset
  artifactKey: Guid(c1cf8506f04ef2c4a88b64b6c4202eea) Importer(815301076,1909f56bfc062723c751e8b465ee728b)
Start importing Assets/Presets/Defaults/DirectionalLight_Default.preset using Guid(c1cf8506f04ef2c4a88b64b6c4202eea) Importer(815301076,1909f56bfc062723c751e8b465ee728b)  -> (artifact id: 'a31dc1cccca6379cec4f5ea4593c7a64') in 0.001583 seconds
  Import took 0.007731 seconds .

========================================================================
Received Import Request.
  Time since last request: 0.000143 seconds.
  path: Assets/Presets/Defaults/AudioDecompressOnLoad_Default.preset
  artifactKey: Guid(0cd792cc87e492d43b4e95b205fc5cc6) Importer(815301076,1909f56bfc062723c751e8b465ee728b)
Start importing Assets/Presets/Defaults/AudioDecompressOnLoad_Default.preset using Guid(0cd792cc87e492d43b4e95b205fc5cc6) Importer(815301076,1909f56bfc062723c751e8b465ee728b)  -> (artifact id: '9cdf85ab3059170dc16bd1a5faa7f970') in 0.001360 seconds
  Import took 0.006501 seconds .

========================================================================
Received Import Request.
  Time since last request: 1.478691 seconds.
  path: Assets/ExampleAssets/Materials
  artifactKey: Guid(08926ba083f53d746952ad51d0e9d30e) Importer(815301076,1909f56bfc062723c751e8b465ee728b)
Start importing Assets/ExampleAssets/Materials using Guid(08926ba083f53d746952ad51d0e9d30e) Importer(815301076,1909f56bfc062723c751e8b465ee728b)  -> (artifact id: 'c716997960797dbc2eef6cf03af19242') in 0.000682 seconds
  Import took 0.005009 seconds .

========================================================================
Received Import Request.
  Time since last request: 0.000192 seconds.
  path: Assets/ExampleAssets/Prefabs
  artifactKey: Guid(9c26179f5b673014fa7ab89695ba837c) Importer(815301076,1909f56bfc062723c751e8b465ee728b)
Start importing Assets/ExampleAssets/Prefabs using Guid(9c26179f5b673014fa7ab89695ba837c) Importer(815301076,1909f56bfc062723c751e8b465ee728b)  -> (artifact id: '5f21baf4199107eda977e9988a253ea9') in 0.000506 seconds
  Import took 0.003551 seconds .

========================================================================
Received Import Request.
  Time since last request: 0.000198 seconds.
  path: Assets/ExampleAssets/Models
  artifactKey: Guid(757f6be72dedcb9468cddd9431ff8b37) Importer(815301076,1909f56bfc062723c751e8b465ee728b)
Start importing Assets/ExampleAssets/Models using Guid(757f6be72dedcb9468cddd9431ff8b37) Importer(815301076,1909f56bfc062723c751e8b465ee728b)  -> (artifact id: 'bd4c08df9c5133317d47982e0245db06') in 0.000506 seconds
  Import took 0.003327 seconds .

========================================================================
Received Import Request.
  Time since last request: 0.000188 seconds.
  path: Assets/ExampleAssets/Textures
  artifactKey: Guid(8d3eee3a5f583b74f9190e842344bc20) Importer(815301076,1909f56bfc062723c751e8b465ee728b)
Start importing Assets/ExampleAssets/Textures using Guid(8d3eee3a5f583b74f9190e842344bc20) Importer(815301076,1909f56bfc062723c751e8b465ee728b)  -> (artifact id: '65676c6cdeac9901d23f271453f55065') in 0.000480 seconds
  Import took 0.003236 seconds .

========================================================================
Received Import Request.
  Time since last request: 692.387572 seconds.
  path: ProjectSettings/TagManager.asset
  artifactKey: Guid(00000000000000003000000000000000) Importer(815301076,1909f56bfc062723c751e8b465ee728b)
Start importing ProjectSettings/TagManager.asset using Guid(00000000000000003000000000000000) Importer(815301076,1909f56bfc062723c751e8b465ee728b)  -> (artifact id: 'e268781a639ebe236d7727e5e5100d33') in 0.000869 seconds
  Import took 0.004924 seconds .

========================================================================
Received Import Request.
  Time since last request: 36.744873 seconds.
  path: Assets/ExampleAssets/yes.shadergraph
  artifactKey: Guid(236ef4f3be43a332889eb2700b8568f4) Importer(815301076,1909f56bfc062723c751e8b465ee728b)
Start importing Assets/ExampleAssets/yes.shadergraph using Guid(236ef4f3be43a332889eb2700b8568f4) Importer(815301076,1909f56bfc062723c751e8b465ee728b)  -> (artifact id: '58f507db7d7bdad19935477106e18757') in 0.003145 seconds
  Import took 0.008133 seconds .

========================================================================
Received Import Request.
  Time since last request: 5.011731 seconds.
  path: Assets/ExampleAssets/hdrp_lit.shadergraph
  artifactKey: Guid(236ef4f3be43a332889eb2700b8568f4) Importer(815301076,1909f56bfc062723c751e8b465ee728b)
Start importing Assets/ExampleAssets/hdrp_lit.shadergraph using Guid(236ef4f3be43a332889eb2700b8568f4) Importer(815301076,1909f56bfc062723c751e8b465ee728b)  -> (artifact id: '88e21d78b48632ab39aba7b8d1f91103') in 0.002048 seconds
  Import took 0.006073 seconds .

========================================================================
Received Import Request.
  Time since last request: 0.002507 seconds.
  path: Assets/ExampleAssets/hdrp_lit.shadergraph
  artifactKey: Guid(236ef4f3be43a332889eb2700b8568f4) Importer(815301076,1909f56bfc062723c751e8b465ee728b)
Start importing Assets/ExampleAssets/hdrp_lit.shadergraph using Guid(236ef4f3be43a332889eb2700b8568f4) Importer(815301076,1909f56bfc062723c751e8b465ee728b)  -> (artifact id: '88e21d78b48632ab39aba7b8d1f91103') in 0.001985 seconds
  Import took 0.006096 seconds .

========================================================================
Received Import Request.
  Time since last request: 14.049829 seconds.
  path: Assets/ExampleAssets/hdrp_cust_rend_pass.shader
  artifactKey: Guid(86be6ded19ff5a1309f63845d5186524) Importer(815301076,1909f56bfc062723c751e8b465ee728b)
Start importing Assets/ExampleAssets/hdrp_cust_rend_pass.shader using Guid(86be6ded19ff5a1309f63845d5186524) Importer(815301076,1909f56bfc062723c751e8b465ee728b)  -> (artifact id: '421adafe79fc7c89dd3988e1fd7b1075') in 0.001552 seconds
  Import took 0.005407 seconds .

========================================================================
Received Import Request.
  Time since last request: 0.021664 seconds.
  path: Assets/ExampleAssets/hdrp_cust_rend_pass.shader
  artifactKey: Guid(86be6ded19ff5a1309f63845d5186524) Importer(815301076,1909f56bfc062723c751e8b465ee728b)
Start importing Assets/ExampleAssets/hdrp_cust_rend_pass.shader using Guid(86be6ded19ff5a1309f63845d5186524) Importer(815301076,1909f56bfc062723c751e8b465ee728b)  -> (artifact id: '421adafe79fc7c89dd3988e1fd7b1075') in 0.001131 seconds
  Import took 0.005471 seconds .

========================================================================
Received Import Request.
  Time since last request: 18.339142 seconds.
  path: Assets/ExampleAssets/hdrp_fs_cust_pas.shader
  artifactKey: Guid(41fb9a85c222853109aaaa879629bdfd) Importer(815301076,1909f56bfc062723c751e8b465ee728b)
Start importing Assets/ExampleAssets/hdrp_fs_cust_pas.shader using Guid(41fb9a85c222853109aaaa879629bdfd) Importer(815301076,1909f56bfc062723c751e8b465ee728b)  -> (artifact id: 'd77e969935eb10efb416055d9458fc34') in 0.001398 seconds
  Import took 0.005459 seconds .

========================================================================
Received Import Request.
  Time since last request: 0.003661 seconds.
  path: Assets/ExampleAssets/hdrp_fs_cust_pas.shader
  artifactKey: Guid(41fb9a85c222853109aaaa879629bdfd) Importer(815301076,1909f56bfc062723c751e8b465ee728b)
Start importing Assets/ExampleAssets/hdrp_fs_cust_pas.shader using Guid(41fb9a85c222853109aaaa879629bdfd) Importer(815301076,1909f56bfc062723c751e8b465ee728b)  -> (artifact id: 'd77e969935eb10efb416055d9458fc34') in 0.002027 seconds
  Import took 0.006668 seconds .

========================================================================
Received Import Request.
  Time since last request: 287.532250 seconds.
  path: Assets
  artifactKey: Guid(00000000000000001000000000000000) Importer(815301076,1909f56bfc062723c751e8b465ee728b)
Start importing Assets using Guid(00000000000000001000000000000000) Importer(815301076,1909f56bfc062723c751e8b465ee728b)  -> (artifact id: '6b84992ca9167a44b684cd308b8a86db') in 0.000725 seconds
  Import took 0.004767 seconds .

========================================================================
Received Import Request.
  Time since last request: 5.572714 seconds.
  path: Assets/Audio_Game_HDRP
  artifactKey: Guid(824646c795d3bdacea054eec37c05a9c) Importer(815301076,1909f56bfc062723c751e8b465ee728b)
Start importing Assets/Audio_Game_HDRP using Guid(824646c795d3bdacea054eec37c05a9c) Importer(815301076,1909f56bfc062723c751e8b465ee728b)  -> (artifact id: 'c2897275977346b5ad26bd0d3ac8df27') in 0.000782 seconds
  Import took 0.004917 seconds .

========================================================================
Received Import Request.
  Time since last request: 0.005996 seconds.
  path: Assets/Audio_Game_HDRP
  artifactKey: Guid(824646c795d3bdacea054eec37c05a9c) Importer(815301076,1909f56bfc062723c751e8b465ee728b)
Start importing Assets/Audio_Game_HDRP using Guid(824646c795d3bdacea054eec37c05a9c) Importer(815301076,1909f56bfc062723c751e8b465ee728b)  -> (artifact id: 'c2897275977346b5ad26bd0d3ac8df27') in 0.000739 seconds
  Import took 0.004814 seconds .

========================================================================
Received Import Request.
  Time since last request: 185.264303 seconds.
  path: Assets/Audio_Game_HDRP/SH_Cutter.shader
  artifactKey: Guid(901a46f4e6fc55ff3940508234e21410) Importer(815301076,1909f56bfc062723c751e8b465ee728b)
Start importing Assets/Audio_Game_HDRP/SH_Cutter.shader using Guid(901a46f4e6fc55ff3940508234e21410) Importer(815301076,1909f56bfc062723c751e8b465ee728b)  -> (artifact id: 'e1133b35fa1b9c5f1dbd473684210d9d') in 0.001181 seconds
  Import took 0.005980 seconds .

========================================================================
Received Import Request.
  Time since last request: 12.922931 seconds.
  path: Assets/Audio_Game_HDRP/MAT_Cutter_Refill.mat
  artifactKey: Guid(a90b77a81853b559b864dbd39cd31d5f) Importer(815301076,1909f56bfc062723c751e8b465ee728b)
Start importing Assets/Audio_Game_HDRP/MAT_Cutter_Refill.mat using Guid(a90b77a81853b559b864dbd39cd31d5f) Importer(815301076,1909f56bfc062723c751e8b465ee728b)  -> (artifact id: '0fef0bb85a465864bf95228c0070b7f9') in 0.019456 seconds
  Import took 0.024452 seconds .

========================================================================
Received Import Request.
  Time since last request: 53.320982 seconds.
  path: Assets/Audio_Game_HDRP/MAT_Cutter.mat
  artifactKey: Guid(e70f0ba3ef5238651ae82ac35a6f773d) Importer(815301076,1909f56bfc062723c751e8b465ee728b)
Start importing Assets/Audio_Game_HDRP/MAT_Cutter.mat using Guid(e70f0ba3ef5238651ae82ac35a6f773d) Importer(815301076,1909f56bfc062723c751e8b465ee728b)  -> (artifact id: '20c58004d014f6c6cc70f10f51fb47d3') in 0.005583 seconds
  Import took 0.009753 seconds .

========================================================================
Received Import Request.
  Time since last request: 0.000154 seconds.
  path: Assets/Audio_Game_HDRP/MAT_Maskable.mat
  artifactKey: Guid(c413840e5854177b6af857e44d99169f) Importer(815301076,1909f56bfc062723c751e8b465ee728b)
Start importing Assets/Audio_Game_HDRP/MAT_Maskable.mat using Guid(c413840e5854177b6af857e44d99169f) Importer(815301076,1909f56bfc062723c751e8b465ee728b)  -> (artifact id: 'c45a6bb2477e0075c2fa955649662dfb') in 0.005111 seconds
  Import took 0.009208 seconds .

AssetImportWorkerClient::OnTransportError - code=2 error=End of file
