Using pre-set license
Built from 'trunk' branch; Version is '2021.1.0a7 (fdd63b12dbc0) revision 16635451'; Using compiler version '192528614'; Build Type 'Release'
OS: 'Windows 10 Pro; OS build 19042.630; Version 2009; 64bit' Language: 'en' Physical Memory: 16288 MB
BatchMode: 1, IsHumanControllingUs: 0, StartBugReporterOnCrash: 0, Is64bit: 1, IsPro: 0

 COMMAND LINE ARGUMENTS:
C:\Program Files\Unity\Hub\Editor\2021.1.0a7\Editor\Unity.exe
-adb2
-batchMode
-noUpm
-name
AssetImportWorker0
-projectPath
C:/Users/Jeremy Ivan/Data/Documents/GitHub/Resonance_TechLab/Shaders_v2
-logFile
Logs/AssetImportWorker0.log
-srvPort
51032
Successfully changed project path to: C:/Users/Jeremy Ivan/Data/Documents/GitHub/Resonance_TechLab/Shaders_v2
C:/Users/Jeremy Ivan/Data/Documents/GitHub/Resonance_TechLab/Shaders_v2
Using Asset Import Pipeline V2.
Refreshing native plugins compatible for Editor in 65.25 ms, found 0 plugins.
Preloading 0 native plugins for Editor in 0.00 ms.
Initialize engine version: 2021.1.0a7 (fdd63b12dbc0)
[Subsystems] Discovering subsystems at path C:/Program Files/Unity/Hub/Editor/2021.1.0a7/Editor/Data/Resources/UnitySubsystems
[Subsystems] Discovering subsystems at path C:/Users/Jeremy Ivan/Data/Documents/GitHub/Resonance_TechLab/Shaders_v2/Assets
GfxDevice: creating device client; threaded=0; jobified=0
Direct3D:
    Version:  Direct3D 11.0 [level 11.1]
    Renderer: NVIDIA GeForce RTX 2060 (ID=0x1f08)
    Vendor:   
    VRAM:     5980 MB
    Driver:   27.21.14.5167
Initialize mono
Mono path[0] = 'C:/Program Files/Unity/Hub/Editor/2021.1.0a7/Editor/Data/Managed'
Mono path[1] = 'C:/Program Files/Unity/Hub/Editor/2021.1.0a7/Editor/Data/MonoBleedingEdge/lib/mono/unityjit'
Mono config path = 'C:/Program Files/Unity/Hub/Editor/2021.1.0a7/Editor/Data/MonoBleedingEdge/etc'
Using monoOptions --debugger-agent=transport=dt_socket,embedding=1,server=y,suspend=n,address=127.0.0.1:56712
Begin MonoManager ReloadAssembly
Registering precompiled unity dll's ...
Register platform support module: C:/Program Files/Unity/Hub/Editor/2021.1.0a7/Editor/Data/PlaybackEngines/WebGLSupport/UnityEditor.WebGL.Extensions.dll
Register platform support module: C:/Program Files/Unity/Hub/Editor/2021.1.0a7/Editor/Data/PlaybackEngines/WindowsStandaloneSupport/UnityEditor.WindowsStandalone.Extensions.dll
Registered in 0.001846 seconds.
Native extension for WindowsStandalone target not found
Native extension for WebGL target not found
Refreshing native plugins compatible for Editor in 63.49 ms, found 0 plugins.
Preloading 0 native plugins for Editor in 0.00 ms.
Mono: successfully reloaded assembly
- Completed reload, in  0.965 seconds
Platform modules already initialized, skipping
Registering precompiled user dll's ...
Registered in 0.001826 seconds.
Begin MonoManager ReloadAssembly
Symbol file LoadedFromMemory doesn't match image C:\Users\Jeremy Ivan\Data\Documents\GitHub\Resonance_TechLab\Shaders_v2\Library\PackageCache\com.unity.ext.nunit@1.0.0\net35\unity-custom\nunit.framework.dll
Native extension for WindowsStandalone target not found
Native extension for WebGL target not found
Refreshing native plugins compatible for Editor in 80.22 ms, found 0 plugins.
Preloading 0 native plugins for Editor in 0.00 ms.
Mono: successfully reloaded assembly
- Completed reload, in  1.294 seconds
Platform modules already initialized, skipping
========================================================================
Worker process is ready to serve import requests
Launched and connected shader compiler UnityShaderCompiler.exe after 0.03 seconds
Refreshing native plugins compatible for Editor in 0.93 ms, found 0 plugins.
Preloading 0 native plugins for Editor in 0.00 ms.
Unloading 3469 Unused Serialized files (Serialized files now loaded: 0)
System memory in use before: 306.0 MB.
System memory in use after: 303.5 MB.

Unloading 41 unused Assets to reduce memory usage. Loaded Objects now: 3912.
Total: 8.851800 ms (FindLiveObjects: 0.651500 ms CreateObjectMapping: 0.570000 ms MarkObjects: 5.163300 ms  DeleteObjects: 2.465600 ms)

========================================================================
Received Import Request.
  path: Assets/MVLookMat.mat
  artifactKey: Guid(64ffc7ab204e55b40973fea811e7cc6e) Importer(815301076,1909f56bfc062723c751e8b465ee728b)
Start importing Assets/MVLookMat.mat using Guid(64ffc7ab204e55b40973fea811e7cc6e) Importer(815301076,1909f56bfc062723c751e8b465ee728b)  -> (artifact id: '7232769fdd6440348dbe207375945ba7') in 0.839132 seconds 
========================================================================
Received Import Request.
  Time since last request: 0.006728 seconds.
  path: Assets/ObjectInfo.mat
  artifactKey: Guid(a73c5bd7b7b4de94cb1beb6b28f7ab46) Importer(815301076,1909f56bfc062723c751e8b465ee728b)
Start importing Assets/ObjectInfo.mat using Guid(a73c5bd7b7b4de94cb1beb6b28f7ab46) Importer(815301076,1909f56bfc062723c751e8b465ee728b)  -> (artifact id: '89fb72863a412bfad15105c17a9cc9dc') in 0.037720 seconds 
========================================================================
Received Import Request.
  Time since last request: 42.772660 seconds.
  path: Assets/BasicInfo.shadergraph
  artifactKey: Guid(bf799725b4cc8f84fa1ba36aaac671ae) Importer(815301076,1909f56bfc062723c751e8b465ee728b)
Start importing Assets/BasicInfo.shadergraph using Guid(bf799725b4cc8f84fa1ba36aaac671ae) Importer(815301076,1909f56bfc062723c751e8b465ee728b)  -> (artifact id: '068db3a243690d9f956e499cc0795160') in 0.010156 seconds 
========================================================================
Received Prepare
Registering precompiled user dll's ...
Registered in 0.001780 seconds.
Begin MonoManager ReloadAssembly
Symbol file LoadedFromMemory doesn't match image C:\Users\Jeremy Ivan\Data\Documents\GitHub\Resonance_TechLab\Shaders_v2\Library\PackageCache\com.unity.ext.nunit@1.0.0\net35\unity-custom\nunit.framework.dll
Native extension for WindowsStandalone target not found
Native extension for WebGL target not found
Refreshing native plugins compatible for Editor in 0.50 ms, found 0 plugins.
Preloading 0 native plugins for Editor in 0.00 ms.
Mono: successfully reloaded assembly
- Completed reload, in  1.060 seconds
Platform modules already initialized, skipping
Refreshing native plugins compatible for Editor in 0.50 ms, found 0 plugins.
Preloading 0 native plugins for Editor in 0.00 ms.
Unloading 3227 Unused Serialized files (Serialized files now loaded: 0)
System memory in use before: 308.0 MB.
System memory in use after: 305.8 MB.

Unloading 31 unused Assets to reduce memory usage. Loaded Objects now: 4085.
Total: 3.982600 ms (FindLiveObjects: 0.281000 ms CreateObjectMapping: 0.262600 ms MarkObjects: 1.963300 ms  DeleteObjects: 1.474800 ms)

AssetImportWorkerClient::OnTransportError - code=2 error=End of file
