Base path: '/home/remex/Unity/Hub/Editor/2020.1.10f1/Editor/Data', plugins path '/home/remex/Unity/Hub/Editor/2020.1.10f1/Editor/Data/PlaybackEngines'
Cmd: initializeCompiler
Cmd: compileComputeKernel
  api=15 insize=1056 outsize=10056 ok=1
Cmd: compileComputeKernel
  api=15 insize=10587 outsize=20936 ok=1
Cmd: compileComputeKernel
  api=18 insize=6210 outsize=17543 ok=1
Cmd: compileComputeKernel
  api=18 insize=6210 outsize=16099 ok=1
Cmd: compileComputeKernel
  api=18 insize=11559 outsize=29797 ok=1
Cmd: compileComputeKernel
  api=15 insize=650 outsize=1737 ok=1
Cmd: compileComputeKernel
  api=18 insize=4831 outsize=3405 ok=1
Cmd: compileComputeKernel
  api=18 insize=6753 outsize=19275 ok=1
Cmd: compileComputeKernel
  api=18 insize=5907 outsize=32023 ok=1
Cmd: compileComputeKernel
  api=18 insize=9925 outsize=26289 ok=1
Cmd: compileComputeKernel
  api=18 insize=16303 outsize=237777 ok=1

Quitting shader compiler process
