Base path: '/home/remex/Unity/Hub/Editor/2020.1.10f1/Editor/Data', plugins path '/home/remex/Unity/Hub/Editor/2020.1.10f1/Editor/Data/PlaybackEngines'
Cmd: initializeCompiler
Cmd: compileSnippet
  api=15 type=0 insize=3073 outsize=6383 kw= pd=UNITY_ENABLE_REFLECTION_BUFFERS UNITY_USE_DITHER_MASK_FOR_ALPHABLENDED_SHADOWS UNITY_PBS_USE_BRDF1 UNITY_SPECCUBE_BOX_PROJECTION UNITY_SPECCUBE_BLENDING UNITY_ENABLE_DETAIL_NORMALMAP SHADER_API_DESKTOP UNITY_LIGHT_PROBE_PROXY_VOLUME UNITY_LIGHTMAP_FULL_HDR dkw=UNITY_NO_DXT5nm UNITY_ENABLE_NATIVE_SHADOW_LOOKUPS UNITY_METAL_SHADOWS_USE_POINT_FILTERING UNITY_NO_SCREENSPACE_SHADOWS UNITY_PBS_USE_BRDF2 UNITY_PBS_USE_BRDF3 UNITY_NO_FULL_STANDARD_SHADER UNITY_HARDWARE_TIER1 UNITY_HARDWARE_TIER2 UNITY_HARDWARE_TIER3 UNITY_COLORSPACE_GAMMA UNITY_HALF_PRECISION_FRAGMENT_SHADER_REGISTERS UNITY_LIGHTMAP_DLDR_ENCODING UNITY_LIGHTMAP_RGBM_ENCODING UNITY_VIRTUAL_TEXTURING ok=1
Cmd: compileComputeKernel
  api=18 insize=3687 outsize=6327 ok=1
Cmd: compileComputeKernel
  api=15 insize=10587 outsize=17740 ok=1
Cmd: compileComputeKernel
  api=15 insize=2479 outsize=6148 ok=1
Cmd: compileComputeKernel
  api=18 insize=6210 outsize=18129 ok=1
Cmd: compileComputeKernel
  api=18 insize=18002 outsize=43539 ok=1
Cmd: compileComputeKernel
  api=18 insize=2625 outsize=11181 ok=1
Cmd: compileComputeKernel
  api=18 insize=4831 outsize=2614 ok=1
Cmd: compileComputeKernel
  api=18 insize=4831 outsize=2742 ok=1
Cmd: compileComputeKernel
  api=18 insize=6753 outsize=19399 ok=1
Cmd: compileComputeKernel
  api=18 insize=9925 outsize=36306 ok=1
Cmd: compileComputeKernel
  api=18 insize=16433 outsize=19507 ok=1
Cmd: compileComputeKernel
  api=18 insize=16303 outsize=231808 ok=1

Quitting shader compiler process
