Base path: '/home/remex/Unity/Hub/Editor/2020.1.10f1/Editor/Data', plugins path '/home/remex/Unity/Hub/Editor/2020.1.10f1/Editor/Data/PlaybackEngines'
Cmd: initializeCompiler
Cmd: compileComputeKernel
  api=18 insize=10587 outsize=44984 ok=1
Cmd: compileComputeKernel
  api=18 insize=13967 outsize=18314 ok=1
Cmd: compileComputeKernel
  api=18 insize=6210 outsize=18666 ok=1
Cmd: compileComputeKernel
  api=18 insize=3715 outsize=12468 ok=1
Cmd: compileComputeKernel
  api=18 insize=3715 outsize=12497 ok=1
Cmd: compileComputeKernel
  api=18 insize=1215 outsize=10600 ok=1
Cmd: compileComputeKernel
  api=18 insize=603 outsize=1627 ok=1
Cmd: compileComputeKernel
  api=18 insize=6753 outsize=3856 ok=1
Cmd: compileComputeKernel
  api=18 insize=6753 outsize=13894 ok=1
Cmd: compileComputeKernel
  api=18 insize=6753 outsize=13337 ok=1
Cmd: compileComputeKernel
  api=18 insize=9925 outsize=40505 ok=1
Cmd: compileComputeKernel
  api=18 insize=9925 outsize=31336 ok=1
Cmd: compileComputeKernel
  api=18 insize=16303 outsize=366425 ok=1

Quitting shader compiler process
