Base path: '/home/remex/Unity/Hub/Editor/2020.1.10f1/Editor/Data', plugins path '/home/remex/Unity/Hub/Editor/2020.1.10f1/Editor/Data/PlaybackEngines'
Cmd: initializeCompiler
Cmd: compileSnippet
  api=15 type=1 insize=1792 outsize=0 kw= pd=UNITY_ENABLE_REFLECTION_BUFFERS UNITY_USE_DITHER_MASK_FOR_ALPHABLENDED_SHADOWS UNITY_PBS_USE_BRDF1 UNITY_SPECCUBE_BOX_PROJECTION UNITY_SPECCUBE_BLENDING UNITY_ENABLE_DETAIL_NORMALMAP SHADER_API_DESKTOP UNITY_LIGHT_PROBE_PROXY_VOLUME UNITY_LIGHTMAP_FULL_HDR dkw=UNITY_NO_DXT5nm UNITY_ENABLE_NATIVE_SHADOW_LOOKUPS UNITY_METAL_SHADOWS_USE_POINT_FILTERING UNITY_NO_SCREENSPACE_SHADOWS UNITY_PBS_USE_BRDF2 UNITY_PBS_USE_BRDF3 UNITY_NO_FULL_STANDARD_SHADER UNITY_HARDWARE_TIER1 UNITY_HARDWARE_TIER2 UNITY_HARDWARE_TIER3 UNITY_COLORSPACE_GAMMA UNITY_HALF_PRECISION_FRAGMENT_SHADER_REGISTERS UNITY_LIGHTMAP_DLDR_ENCODING UNITY_LIGHTMAP_RGBM_ENCODING UNITY_VIRTUAL_TEXTURING ok=1
Cmd: compileComputeKernel
  api=18 insize=10587 outsize=19475 ok=1
Cmd: compileComputeKernel
  api=18 insize=2778 outsize=8018 ok=1
Cmd: compileComputeKernel
  api=18 insize=8303 outsize=2399 ok=1
Cmd: compileComputeKernel
  api=18 insize=13967 outsize=13096 ok=1
Cmd: compileComputeKernel
  api=18 insize=6210 outsize=19381 ok=1
Cmd: compileComputeKernel
  api=18 insize=18002 outsize=41570 ok=1
Cmd: compileComputeKernel
  api=18 insize=650 outsize=3177 ok=1
Cmd: compileComputeKernel
  api=18 insize=4831 outsize=20727 ok=1
Cmd: compileComputeKernel
  api=18 insize=6753 outsize=3690 ok=1
Cmd: compileComputeKernel
  api=18 insize=6753 outsize=19366 ok=1
Cmd: compileComputeKernel
  api=18 insize=9925 outsize=28403 ok=1
Cmd: compileComputeKernel
  api=18 insize=9925 outsize=27378 ok=1
Cmd: compileComputeKernel
  api=18 insize=16303 outsize=326001 ok=1
Cmd: compileComputeKernel
  api=18 insize=16303 outsize=160632 ok=1

Quitting shader compiler process
